<?xml version="1.0" encoding="UTF-8"?>
<!-- Generated by org.testng.reporters.JUnitReportReporter -->
<testsuite hostname="DESKTOP-Q2A1GCU" failures="0" tests="1" name="TestScripts.TC01_Verify_user_is_able_to_add_address_or_not" time="40.079" errors="0" timestamp="2025-08-12T12:45:32 IST" skipped="0">
  <testcase classname="TestScripts.TC01_Verify_user_is_able_to_add_address_or_not" name="addAddress" time="40.079"/>
</testsuite> <!-- TestScripts.TC01_Verify_user_is_able_to_add_address_or_not -->
