<?xml version="1.0" encoding="UTF-8"?>
<!-- Generated by org.testng.reporters.JUnitReportReporter -->
<testsuite hostname="DESKTOP-Q2A1GCU" failures="0" tests="1" name="TestScripts.TC02_Verify_user_is_able_to_delete_address_or_not_Test" time="23.157" errors="0" timestamp="2025-08-19T12:15:11 IST" skipped="0">
  <testcase classname="TestScripts.TC02_Verify_user_is_able_to_delete_address_or_not_Test" name="deleteAddress" time="23.157"/>
</testsuite> <!-- TestScripts.TC02_Verify_user_is_able_to_delete_address_or_not_Test -->
