<?xml version="1.0" encoding="UTF-8"?>
<!-- Generated by org.testng.reporters.JUnitReportReporter -->
<testsuite hostname="DESKTOP-Q2A1GCU" failures="0" tests="1" name="TestScripts.TC01_Verify_user_is_able_to_add_address_or_not_Test" time="30.091" errors="0" timestamp="2025-08-13T12:44:18 IST" skipped="0">
  <testcase classname="TestScripts.TC01_Verify_user_is_able_to_add_address_or_not_Test" name="addAddress" time="30.091"/>
</testsuite> <!-- TestScripts.TC01_Verify_user_is_able_to_add_address_or_not_Test -->
